<?xml version="1.0" encoding="UTF-8"?>
<!-- Generated by org.testng.reporters.JUnitReportReporter -->
<testsuite hostname="CELLT048" failures="0" tests="1" name="testpack1.SignUpTest" time="8.910" errors="0" timestamp="2022-11-04T18:11:34 IST" skipped="0">
  <testcase classname="testpack1.SignUpTest" name="SignUpTest01" time="8.910"/>
  <system-out/>
</testsuite> <!-- testpack1.SignUpTest -->
