<?xml version="1.0" encoding="UTF-8"?>
<!-- Generated by org.testng.reporters.JUnitReportReporter -->
<testsuite hostname="CELLT048" failures="0" tests="1" name="testpack1.LoginTest" time="21.909" errors="0" timestamp="2022-11-04T18:20:08 IST" skipped="0">
  <testcase classname="testpack1.LoginTest" name="Test1" time="21.909"/>
  <system-out/>
</testsuite> <!-- testpack1.LoginTest -->
